<?xml version='1.1' encoding='UTF-8'?>
<result plugin="junit@1.28">
  <suites>
    <suite>
      <file>C:\Users\Mary\.jenkins\workspace\addressbook test\results.xml</file>
      <name>pytest</name>
      <duration>11.263</duration>
      <time>11.263</time>
      <enclosingBlocks/>
      <enclosingBlockNames/>
      <cases>
        <case>
          <duration>11.231</duration>
          <className>test.DeleteContact</className>
          <testName>test_delete_contact</testName>
          <skipped>false</skipped>
          <failedSince>0</failedSince>
        </case>
      </cases>
    </suite>
  </suites>
  <duration>11.263</duration>
  <keepLongStdio>false</keepLongStdio>
</result>